  test.c
D:\vs练习\12.4\test.c(11,1): error C2449: 在文件范围内找到“{”(是否缺少函数头?)
D:\vs练习\12.4\test.c(17,1): error C2059: 语法错误:“}”
